Set current directory to /opt/valheim
Found path: /opt/valheim/valheim_server.x86_64
Mono path[0] = '/opt/valheim/valheim_server_Data/Managed'
Mono config path = '/opt/valheim/valheim_server_Data/MonoBleedingEdge/etc'
Preloaded 'libsteam_api.so'
Initialize engine version: 2019.4.16f1 (e05b6e02d63e)
[Subsystems] Discovering subsystems at path /opt/valheim/valheim_server_Data/UnitySubsystems
Forcing GfxDevice: Null
GfxDevice: creating device client; threaded=0
NullGfxDevice:
    Version:  NULL 1.0 [1.0]
    Renderer: Null Device
    Vendor:   Unity Technologies
Begin MonoManager ReloadAssembly
- Completed reload, in  0.136 seconds
UnloadTime: 1.453340 ms
02/11/2021 12:30:32: Starting to load scene:start
 
(Filename: ./Runtime/Export/Debug/Debug.bindings.h Line: 35)

Couldn't create a Convex Mesh from source mesh "RearBig" within the maximum polygons limit (256). The partial hull will be used. Consider simplifying your mesh. 
(Filename:  Line: 91)

WARNING: Shader Unsupported: 'Autodesk Interactive' - All passes removed
WARNING: Shader Did you use #pragma only_renderers and omit this platform?
HDR Render Texture not supported, disabling HDR on reflection probe. 
(Filename:  Line: 277)

HDR Render Texture not supported, disabling HDR on reflection probe. 
(Filename:  Line: 277)

Unloading 6 Unused Serialized files (Serialized files now loaded: 0)
UnloadTime: 10.490203 ms
Only custom filters can be played. Please add a custom filter or an audioclip to the audiosource (Amb_MainMenu). 
(Filename:  Line: 509)

HDR Render Texture not supported, disabling HDR on reflection probe. 
(Filename:  Line: 277)

Initializing Google Analytics 0.2. 
(Filename: ./Runtime/Export/Debug/Debug.bindings.h Line: 35)

02/11/2021 12:30:55: Initializing world generator seed: ( 0 )   menu:True  worldgen version:1
 
(Filename: ./Runtime/Export/Debug/Debug.bindings.h Line: 35)

02/11/2021 12:30:55: Using mountain distance: 1000
 
(Filename: ./Runtime/Export/Debug/Debug.bindings.h Line: 35)

02/11/2021 12:30:55: Render threading mode:SingleThreaded
 
(Filename: ./Runtime/Export/Debug/Debug.bindings.h Line: 35)

02/11/2021 12:30:55: Get create world Dedicated
 
(Filename: ./Runtime/Export/Debug/Debug.bindings.h Line: 35)

02/11/2021 12:30:55: Using environment steamid 892970
 
(Filename: ./Runtime/Export/Debug/Debug.bindings.h Line: 35)

02/11/2021 12:30:55: Using steam APPID:892970
 
(Filename: ./Runtime/Export/Debug/Debug.bindings.h Line: 35)

02/11/2021 12:30:56: Server ID 90071992547409920
 
(Filename: ./Runtime/Export/Debug/Debug.bindings.h Line: 35)

02/11/2021 12:30:56: Steam game server initialized
 
(Filename: ./Runtime/Export/Debug/Debug.bindings.h Line: 35)

02/11/2021 12:30:56: Missing audio clip in music respawn
 
(Filename: ./Runtime/Export/Debug/Debug.bindings.h Line: 35)

02/11/2021 12:30:56: Builder started
 
(Filename: ./Runtime/Export/Debug/Debug.bindings.h Line: 35)

02/11/2021 12:30:57: Loaded localization English
 
(Filename: ./Runtime/Export/Debug/Debug.bindings.h Line: 35)

02/11/2021 12:30:58: Game server connected
 
(Filename: ./Runtime/Export/Debug/Debug.bindings.h Line: 35)


Unloading 16 unused Assets to reduce memory usage. Loaded Objects now: 85931.
Total: 117.546627 ms (FindLiveObjects: 7.575876 ms CreateObjectMapping: 16.401276 ms MarkObjects: 92.883166 ms  DeleteObjects: 0.685115 ms)

Unloading 6 Unused Serialized files (Serialized files now loaded: 0)
UnloadTime: 38.429295 ms
HDR Render Texture not supported, disabling HDR on reflection probe. 
(Filename:  Line: 277)

HDR Render Texture not supported, disabling HDR on reflection probe. 
(Filename:  Line: 277)

02/11/2021 12:30:58: Zonesystem Awake 320
 
(Filename: ./Runtime/Export/Debug/Debug.bindings.h Line: 35)

02/11/2021 12:30:58: DungeonDB Awake 320
 
(Filename: ./Runtime/Export/Debug/Debug.bindings.h Line: 35)

02/11/2021 12:30:58: ZSteamSocket  Registering global callbacks
 
(Filename: ./Runtime/Export/Debug/Debug.bindings.h Line: 35)

02/11/2021 12:30:58: Registering lobby
 
(Filename: ./Runtime/Export/Debug/Debug.bindings.h Line: 35)

02/11/2021 12:30:58: Initializing world generator seed:WrpeM4MLgI ( 1563371668 )   menu:False  worldgen version:1
 
(Filename: ./Runtime/Export/Debug/Debug.bindings.h Line: 35)

02/11/2021 12:30:58: Using mountain distance: 1000
 
(Filename: ./Runtime/Export/Debug/Debug.bindings.h Line: 35)

02/11/2021 12:30:58: Found 464 mountain points
 
(Filename: ./Runtime/Export/Debug/Debug.bindings.h Line: 35)

02/11/2021 12:30:58: Remaining mountains:60
 
(Filename: ./Runtime/Export/Debug/Debug.bindings.h Line: 35)

02/11/2021 12:30:58: Calc time 41.832 ms
 
(Filename: ./Runtime/Export/Debug/Debug.bindings.h Line: 35)

02/11/2021 12:30:59: Found 8519 lake points
 
(Filename: ./Runtime/Export/Debug/Debug.bindings.h Line: 35)

02/11/2021 12:31:03: Remaining lakes:122
 
(Filename: ./Runtime/Export/Debug/Debug.bindings.h Line: 35)

02/11/2021 12:31:03: Calc time 4634.5 ms
 
(Filename: ./Runtime/Export/Debug/Debug.bindings.h Line: 35)

02/11/2021 12:31:03: Rivers:165
 
(Filename: ./Runtime/Export/Debug/Debug.bindings.h Line: 35)

02/11/2021 12:31:04: River buckets 15898
 
(Filename: ./Runtime/Export/Debug/Debug.bindings.h Line: 35)

02/11/2021 12:31:04: River render time 866.468 ms
 
(Filename: ./Runtime/Export/Debug/Debug.bindings.h Line: 35)

02/11/2021 12:31:04: River Calc time 898.793 ms
 
(Filename: ./Runtime/Export/Debug/Debug.bindings.h Line: 35)

02/11/2021 12:31:07: River buckets 24169
 
(Filename: ./Runtime/Export/Debug/Debug.bindings.h Line: 35)

02/11/2021 12:31:07: River render time 1154.831 ms
 
(Filename: ./Runtime/Export/Debug/Debug.bindings.h Line: 35)

02/11/2021 12:31:07: Placed 1853 streams
 
(Filename: ./Runtime/Export/Debug/Debug.bindings.h Line: 35)

02/11/2021 12:31:07: Stream Calc time 2826.456 ms
 
(Filename: ./Runtime/Export/Debug/Debug.bindings.h Line: 35)

02/11/2021 12:31:07: Load world Dedicated
 
(Filename: ./Runtime/Export/Debug/Debug.bindings.h Line: 35)

02/11/2021 12:31:07: Loading 644807 zdos , my id 728040344 data version:26
 
(Filename: ./Runtime/Export/Debug/Debug.bindings.h Line: 35)

02/11/2021 12:31:15: Loaded 100000 dead zdos
 
(Filename: ./Runtime/Export/Debug/Debug.bindings.h Line: 35)

02/11/2021 12:31:15: Removed 0 OLD generated ZDOS
 
(Filename: ./Runtime/Export/Debug/Debug.bindings.h Line: 35)

02/11/2021 12:31:15: Loaded 7090 locations
 
(Filename: ./Runtime/Export/Debug/Debug.bindings.h Line: 35)

02/11/2021 12:31:15: Build settings:10
 
(Filename: ./Runtime/Export/Debug/Debug.bindings.h Line: 35)

02/11/2021 12:31:15: Removing -1233507428
 
(Filename: ./Runtime/Export/Debug/Debug.bindings.h Line: 35)

02/11/2021 12:31:15: Removing 1883198027
 
(Filename: ./Runtime/Export/Debug/Debug.bindings.h Line: 35)

02/11/2021 12:31:15: Removing 868418350
 
(Filename: ./Runtime/Export/Debug/Debug.bindings.h Line: 35)

02/11/2021 12:31:15: Removing -535269195
 
(Filename: ./Runtime/Export/Debug/Debug.bindings.h Line: 35)

02/11/2021 12:31:15: Removing 1547815568
 
(Filename: ./Runtime/Export/Debug/Debug.bindings.h Line: 35)

02/11/2021 12:31:15: Removing -359949137
 
(Filename: ./Runtime/Export/Debug/Debug.bindings.h Line: 35)

02/11/2021 12:31:15: Removing 319464002
 
(Filename: ./Runtime/Export/Debug/Debug.bindings.h Line: 35)

02/11/2021 12:31:15: Removing 1225882809
 
(Filename: ./Runtime/Export/Debug/Debug.bindings.h Line: 35)

02/11/2021 12:31:15: Removing 404029124
 
(Filename: ./Runtime/Export/Debug/Debug.bindings.h Line: 35)

02/11/2021 12:31:15: Audioman already exist, destroying self
 
(Filename: ./Runtime/Export/Debug/Debug.bindings.h Line: 35)


Unloading 490 unused Assets to reduce memory usage. Loaded Objects now: 86244.
Total: 1169.104426 ms (FindLiveObjects: 8.414706 ms CreateObjectMapping: 19.772092 ms MarkObjects: 1133.311274 ms  DeleteObjects: 7.605072 ms)

Warning: failed to init SDL thread priority manager: SDL not found
02/11/2021 12:31:25: Zonesystem Start 320
 
(Filename: ./Runtime/Export/Debug/Debug.bindings.h Line: 35)

02/11/2021 12:31:26: DungeonDB Start 320
 
(Filename: ./Runtime/Export/Debug/Debug.bindings.h Line: 35)

02/11/2021 12:31:58: Got session request from 76561197984176210
 
(Filename: ./Runtime/Export/Debug/Debug.bindings.h Line: 35)

02/11/2021 12:32:01: Got handshake from client 76561197984176210
 
(Filename: ./Runtime/Export/Debug/Debug.bindings.h Line: 35)

02/11/2021 12:32:04: VERSION check their:0.143.5  mine:0.143.5
 
(Filename: ./Runtime/Export/Debug/Debug.bindings.h Line: 35)

02/11/2021 12:32:04: Server: New peer connected,sending global keys
 
(Filename: ./Runtime/Export/Debug/Debug.bindings.h Line: 35)

02/11/2021 12:32:28: Got character ZDOID from Marn : -124242938:1
 
(Filename: ./Runtime/Export/Debug/Debug.bindings.h Line: 35)

02/11/2021 12:41:27:  Connections 1 ZDOS:644805  sent:1 recv:318
 
(Filename: ./Runtime/Export/Debug/Debug.bindings.h Line: 35)

Unloading 6 Unused Serialized files (Serialized files now loaded: 0)

Unloading 6 unused Assets to reduce memory usage. Loaded Objects now: 1116466.
Total: 1643.637797 ms (FindLiveObjects: 163.201869 ms CreateObjectMapping: 41.964462 ms MarkObjects: 1436.493826 ms  DeleteObjects: 1.976300 ms)

02/11/2021 12:45:02: RPC_Disconnect 
 
(Filename: ./Runtime/Export/Debug/Debug.bindings.h Line: 35)

02/11/2021 12:45:03: Destroying abandoned non persistent zdo -124242938:1 owner -124242938
 
(Filename: ./Runtime/Export/Debug/Debug.bindings.h Line: 35)

02/11/2021 12:45:03: Destroying abandoned non persistent zdo -124242938:1150 owner -124242938
 
(Filename: ./Runtime/Export/Debug/Debug.bindings.h Line: 35)

02/11/2021 12:45:03: Disposing socket
 
(Filename: ./Runtime/Export/Debug/Debug.bindings.h Line: 35)

02/11/2021 12:45:03: Closing socket 76561197984176210
 
(Filename: ./Runtime/Export/Debug/Debug.bindings.h Line: 35)

02/11/2021 12:45:03:   send queue size:0
 
(Filename: ./Runtime/Export/Debug/Debug.bindings.h Line: 35)

02/11/2021 12:45:03:   P2P state, bytes in send queue:0
 
(Filename: ./Runtime/Export/Debug/Debug.bindings.h Line: 35)

02/11/2021 12:45:03: Disposing socket
 
(Filename: ./Runtime/Export/Debug/Debug.bindings.h Line: 35)

02/11/2021 12:45:03: Closing socket 0
 
(Filename: ./Runtime/Export/Debug/Debug.bindings.h Line: 35)

02/11/2021 12:47:23: Got session request from 76561197984176210
 
(Filename: ./Runtime/Export/Debug/Debug.bindings.h Line: 35)

02/11/2021 12:47:26: Got handshake from client 76561197984176210
 
(Filename: ./Runtime/Export/Debug/Debug.bindings.h Line: 35)

02/11/2021 12:47:30: VERSION check their:0.143.5  mine:0.143.5
 
(Filename: ./Runtime/Export/Debug/Debug.bindings.h Line: 35)

02/11/2021 12:47:30: Server: New peer connected,sending global keys
 
(Filename: ./Runtime/Export/Debug/Debug.bindings.h Line: 35)

02/11/2021 12:47:52: Got character ZDOID from Marn : 1459759646:1
 
(Filename: ./Runtime/Export/Debug/Debug.bindings.h Line: 35)

02/11/2021 12:51:28:  Connections 1 ZDOS:644824  sent:335 recv:250
 
(Filename: ./Runtime/Export/Debug/Debug.bindings.h Line: 35)

Unloading 0 Unused Serialized files (Serialized files now loaded: 0)

Unloading 0 unused Assets to reduce memory usage. Loaded Objects now: 1116466.
Total: 1618.183478 ms (FindLiveObjects: 158.730564 ms CreateObjectMapping: 42.520771 ms MarkObjects: 1415.229123 ms  DeleteObjects: 1.701623 ms)

02/11/2021 12:52:07: Placed locations in zone -55,29  duration 100.42 ms
 
(Filename: ./Runtime/Export/Debug/Debug.bindings.h Line: 35)

02/11/2021 12:52:07: Placed locations in zone -56,31  duration 1.104 ms
 
(Filename: ./Runtime/Export/Debug/Debug.bindings.h Line: 35)

02/11/2021 12:52:07: Placed locations in zone -55,31  duration 0.859 ms
 
(Filename: ./Runtime/Export/Debug/Debug.bindings.h Line: 35)

02/11/2021 13:01:29:  Connections 1 ZDOS:645478  sent:0 recv:211
 
(Filename: ./Runtime/Export/Debug/Debug.bindings.h Line: 35)

Unloading 0 Unused Serialized files (Serialized files now loaded: 0)

Unloading 18 unused Assets to reduce memory usage. Loaded Objects now: 1116466.
Total: 1595.817649 ms (FindLiveObjects: 152.153219 ms CreateObjectMapping: 43.694149 ms MarkObjects: 1397.914021 ms  DeleteObjects: 2.054769 ms)

02/11/2021 13:01:34: clone 3437
 
(Filename: ./Runtime/Export/Debug/Debug.bindings.h Line: 35)

02/11/2021 13:01:40: Saved 645476 zdos
 
(Filename: ./Runtime/Export/Debug/Debug.bindings.h Line: 35)

02/11/2021 13:01:40: World saved ( 5817.297ms )
 
(Filename: ./Runtime/Export/Debug/Debug.bindings.h Line: 35)

02/11/2021 13:11:34:  Connections 1 ZDOS:645430  sent:0 recv:262
 
(Filename: ./Runtime/Export/Debug/Debug.bindings.h Line: 35)

Unloading 0 Unused Serialized files (Serialized files now loaded: 0)

Unloading 0 unused Assets to reduce memory usage. Loaded Objects now: 1116466.
Total: 1626.036702 ms (FindLiveObjects: 163.408884 ms CreateObjectMapping: 44.125679 ms MarkObjects: 1416.615399 ms  DeleteObjects: 1.885448 ms)

02/11/2021 13:21:35:  Connections 1 ZDOS:645443  sent:0 recv:345
 
(Filename: ./Runtime/Export/Debug/Debug.bindings.h Line: 35)

Unloading 0 Unused Serialized files (Serialized files now loaded: 0)

Unloading 0 unused Assets to reduce memory usage. Loaded Objects now: 1116466.
Total: 1644.277833 ms (FindLiveObjects: 153.162817 ms CreateObjectMapping: 45.710240 ms MarkObjects: 1443.478700 ms  DeleteObjects: 1.924315 ms)

02/11/2021 13:22:21: RPC_Disconnect 
 
(Filename: ./Runtime/Export/Debug/Debug.bindings.h Line: 35)

02/11/2021 13:22:21: Destroying abandoned non persistent zdo 1459759646:1985 owner 1459759646
 
(Filename: ./Runtime/Export/Debug/Debug.bindings.h Line: 35)

02/11/2021 13:22:21: Destroying abandoned non persistent zdo 1459759646:1984 owner 1459759646
 
(Filename: ./Runtime/Export/Debug/Debug.bindings.h Line: 35)

02/11/2021 13:22:21: Destroying abandoned non persistent zdo 1459759646:1981 owner 1459759646
 
(Filename: ./Runtime/Export/Debug/Debug.bindings.h Line: 35)

02/11/2021 13:22:21: Destroying abandoned non persistent zdo 1459759646:1 owner 1459759646
 
(Filename: ./Runtime/Export/Debug/Debug.bindings.h Line: 35)

02/11/2021 13:22:21: Disposing socket
 
(Filename: ./Runtime/Export/Debug/Debug.bindings.h Line: 35)

02/11/2021 13:22:21: Closing socket 76561197984176210
 
(Filename: ./Runtime/Export/Debug/Debug.bindings.h Line: 35)

02/11/2021 13:22:21:   send queue size:0
 
(Filename: ./Runtime/Export/Debug/Debug.bindings.h Line: 35)

02/11/2021 13:22:21:   P2P state, bytes in send queue:0
 
(Filename: ./Runtime/Export/Debug/Debug.bindings.h Line: 35)

02/11/2021 13:22:21: Disposing socket
 
(Filename: ./Runtime/Export/Debug/Debug.bindings.h Line: 35)

02/11/2021 13:22:21: Closing socket 0
 
(Filename: ./Runtime/Export/Debug/Debug.bindings.h Line: 35)

02/11/2021 13:23:40: Got session request from 76561197984176210
 
(Filename: ./Runtime/Export/Debug/Debug.bindings.h Line: 35)

02/11/2021 13:23:43: Got handshake from client 76561197984176210
 
(Filename: ./Runtime/Export/Debug/Debug.bindings.h Line: 35)

02/11/2021 13:23:56: VERSION check their:0.143.5  mine:0.143.5
 
(Filename: ./Runtime/Export/Debug/Debug.bindings.h Line: 35)

02/11/2021 13:23:56: Server: New peer connected,sending global keys
 
(Filename: ./Runtime/Export/Debug/Debug.bindings.h Line: 35)

02/11/2021 13:24:21: Got character ZDOID from Marn : -450416080:7
 
(Filename: ./Runtime/Export/Debug/Debug.bindings.h Line: 35)

02/11/2021 13:29:32: RPC_Disconnect 
 
(Filename: ./Runtime/Export/Debug/Debug.bindings.h Line: 35)

02/11/2021 13:29:32: Destroying abandoned non persistent zdo -450416080:521 owner -450416080
 
(Filename: ./Runtime/Export/Debug/Debug.bindings.h Line: 35)

02/11/2021 13:29:32: Destroying abandoned non persistent zdo -450416080:7 owner -450416080
 
(Filename: ./Runtime/Export/Debug/Debug.bindings.h Line: 35)

02/11/2021 13:29:32: Destroying abandoned non persistent zdo -450416080:518 owner -450416080
 
(Filename: ./Runtime/Export/Debug/Debug.bindings.h Line: 35)

02/11/2021 13:29:32: Destroying abandoned non persistent zdo -450416080:523 owner -450416080
 
(Filename: ./Runtime/Export/Debug/Debug.bindings.h Line: 35)

02/11/2021 13:29:32: Destroying abandoned non persistent zdo -450416080:520 owner -450416080
 
(Filename: ./Runtime/Export/Debug/Debug.bindings.h Line: 35)

02/11/2021 13:29:32: Disposing socket
 
(Filename: ./Runtime/Export/Debug/Debug.bindings.h Line: 35)

02/11/2021 13:29:32: Closing socket 76561197984176210
 
(Filename: ./Runtime/Export/Debug/Debug.bindings.h Line: 35)

02/11/2021 13:29:32:   send queue size:0
 
(Filename: ./Runtime/Export/Debug/Debug.bindings.h Line: 35)

02/11/2021 13:29:32:   P2P state, bytes in send queue:0
 
(Filename: ./Runtime/Export/Debug/Debug.bindings.h Line: 35)

02/11/2021 13:29:32: Disposing socket
 
(Filename: ./Runtime/Export/Debug/Debug.bindings.h Line: 35)

02/11/2021 13:29:32: Closing socket 0
 
(Filename: ./Runtime/Export/Debug/Debug.bindings.h Line: 35)

02/11/2021 13:31:36:  Connections 0 ZDOS:645429  sent:0 recv:0
 
(Filename: ./Runtime/Export/Debug/Debug.bindings.h Line: 35)

Unloading 0 Unused Serialized files (Serialized files now loaded: 0)

Unloading 0 unused Assets to reduce memory usage. Loaded Objects now: 1116466.
Total: 1627.864245 ms (FindLiveObjects: 156.275437 ms CreateObjectMapping: 44.491074 ms MarkObjects: 1425.265819 ms  DeleteObjects: 1.830598 ms)

02/11/2021 13:31:41: clone 3289
 
(Filename: ./Runtime/Export/Debug/Debug.bindings.h Line: 35)

02/11/2021 13:31:47: Saved 645429 zdos
 
(Filename: ./Runtime/Export/Debug/Debug.bindings.h Line: 35)

02/11/2021 13:31:47: World saved ( 5516.12ms )
 
(Filename: ./Runtime/Export/Debug/Debug.bindings.h Line: 35)

02/11/2021 13:31:47: Got session request from 76561197984176210
 
(Filename: ./Runtime/Export/Debug/Debug.bindings.h Line: 35)

02/11/2021 13:31:50: Got handshake from client 76561197984176210
 
(Filename: ./Runtime/Export/Debug/Debug.bindings.h Line: 35)

02/11/2021 13:31:53: VERSION check their:0.143.5  mine:0.143.5
 
(Filename: ./Runtime/Export/Debug/Debug.bindings.h Line: 35)

02/11/2021 13:31:53: Server: New peer connected,sending global keys
 
(Filename: ./Runtime/Export/Debug/Debug.bindings.h Line: 35)

02/11/2021 13:32:16: Got character ZDOID from Marn : -566681049:7
 
(Filename: ./Runtime/Export/Debug/Debug.bindings.h Line: 35)

02/11/2021 13:32:42: RPC_Disconnect 
 
(Filename: ./Runtime/Export/Debug/Debug.bindings.h Line: 35)

02/11/2021 13:32:42: Destroying abandoned non persistent zdo -566681049:47 owner -566681049
 
(Filename: ./Runtime/Export/Debug/Debug.bindings.h Line: 35)

02/11/2021 13:32:42: Destroying abandoned non persistent zdo -566681049:26 owner -566681049
 
(Filename: ./Runtime/Export/Debug/Debug.bindings.h Line: 35)

02/11/2021 13:32:42: Destroying abandoned non persistent zdo -566681049:39 owner -566681049
 
(Filename: ./Runtime/Export/Debug/Debug.bindings.h Line: 35)

02/11/2021 13:32:42: Destroying abandoned non persistent zdo -566681049:46 owner -566681049
 
(Filename: ./Runtime/Export/Debug/Debug.bindings.h Line: 35)

02/11/2021 13:32:42: Destroying abandoned non persistent zdo -566681049:45 owner -566681049
 
(Filename: ./Runtime/Export/Debug/Debug.bindings.h Line: 35)

02/11/2021 13:32:42: Destroying abandoned non persistent zdo -566681049:44 owner -566681049
 
(Filename: ./Runtime/Export/Debug/Debug.bindings.h Line: 35)

02/11/2021 13:32:42: Destroying abandoned non persistent zdo -566681049:7 owner -566681049
 
(Filename: ./Runtime/Export/Debug/Debug.bindings.h Line: 35)

02/11/2021 13:32:42: Disposing socket
 
(Filename: ./Runtime/Export/Debug/Debug.bindings.h Line: 35)

02/11/2021 13:32:42: Closing socket 76561197984176210
 
(Filename: ./Runtime/Export/Debug/Debug.bindings.h Line: 35)

02/11/2021 13:32:42:   send queue size:0
 
(Filename: ./Runtime/Export/Debug/Debug.bindings.h Line: 35)

02/11/2021 13:32:42:   P2P state, bytes in send queue:0
 
(Filename: ./Runtime/Export/Debug/Debug.bindings.h Line: 35)

02/11/2021 13:32:42: Disposing socket
 
(Filename: ./Runtime/Export/Debug/Debug.bindings.h Line: 35)

02/11/2021 13:32:42: Closing socket 0
 
(Filename: ./Runtime/Export/Debug/Debug.bindings.h Line: 35)

02/11/2021 13:41:41:  Connections 0 ZDOS:645433  sent:0 recv:0
 
(Filename: ./Runtime/Export/Debug/Debug.bindings.h Line: 35)

Unloading 0 Unused Serialized files (Serialized files now loaded: 0)

Unloading 0 unused Assets to reduce memory usage. Loaded Objects now: 1116466.
Total: 1645.074549 ms (FindLiveObjects: 170.513164 ms CreateObjectMapping: 44.707410 ms MarkObjects: 1428.032017 ms  DeleteObjects: 1.820392 ms)

02/11/2021 13:51:42:  Connections 0 ZDOS:645433  sent:0 recv:0
 
(Filename: ./Runtime/Export/Debug/Debug.bindings.h Line: 35)

Unloading 0 Unused Serialized files (Serialized files now loaded: 0)

Unloading 0 unused Assets to reduce memory usage. Loaded Objects now: 1116466.
Total: 1613.014102 ms (FindLiveObjects: 158.604050 ms CreateObjectMapping: 43.417255 ms MarkObjects: 1409.159560 ms  DeleteObjects: 1.831691 ms)

02/11/2021 13:52:39: Got session request from 76561198002640516
 
(Filename: ./Runtime/Export/Debug/Debug.bindings.h Line: 35)

02/11/2021 13:52:42: Got handshake from client 76561198002640516
 
(Filename: ./Runtime/Export/Debug/Debug.bindings.h Line: 35)

02/11/2021 13:52:48: VERSION check their:0.143.5  mine:0.143.5
 
(Filename: ./Runtime/Export/Debug/Debug.bindings.h Line: 35)

02/11/2021 13:52:48: Server: New peer connected,sending global keys
 
(Filename: ./Runtime/Export/Debug/Debug.bindings.h Line: 35)

02/11/2021 13:53:31: Got character ZDOID from Tikutiku : 2842663511:4
 
(Filename: ./Runtime/Export/Debug/Debug.bindings.h Line: 35)

02/11/2021 13:58:18: Got session request from 76561198838303624
 
(Filename: ./Runtime/Export/Debug/Debug.bindings.h Line: 35)

02/11/2021 13:58:19: Got handshake from client 76561198838303624
 
(Filename: ./Runtime/Export/Debug/Debug.bindings.h Line: 35)

02/11/2021 13:58:28: VERSION check their:0.143.5  mine:0.143.5
 
(Filename: ./Runtime/Export/Debug/Debug.bindings.h Line: 35)

02/11/2021 13:58:28: Server: New peer connected,sending global keys
 
(Filename: ./Runtime/Export/Debug/Debug.bindings.h Line: 35)

02/11/2021 13:58:47: Got character ZDOID from Wolf : 1049600036:1
 
(Filename: ./Runtime/Export/Debug/Debug.bindings.h Line: 35)

02/11/2021 14:01:43:  Connections 2 ZDOS:645469  sent:694 recv:547
 
(Filename: ./Runtime/Export/Debug/Debug.bindings.h Line: 35)

Unloading 0 Unused Serialized files (Serialized files now loaded: 0)

Unloading 0 unused Assets to reduce memory usage. Loaded Objects now: 1116466.
Total: 1634.469403 ms (FindLiveObjects: 157.551307 ms CreateObjectMapping: 44.870333 ms MarkObjects: 1430.198036 ms  DeleteObjects: 1.847751 ms)

02/11/2021 14:01:48: clone 3288
 
(Filename: ./Runtime/Export/Debug/Debug.bindings.h Line: 35)

02/11/2021 14:01:54: Saved 645435 zdos
 
(Filename: ./Runtime/Export/Debug/Debug.bindings.h Line: 35)

02/11/2021 14:01:54: World saved ( 6001.768ms )
 
(Filename: ./Runtime/Export/Debug/Debug.bindings.h Line: 35)

02/11/2021 14:05:07: Got connection failed callback: 76561198838303624
 
(Filename: ./Runtime/Export/Debug/Debug.bindings.h Line: 35)

02/11/2021 14:05:07: Closing socket 76561198838303624
 
(Filename: ./Runtime/Export/Debug/Debug.bindings.h Line: 35)

02/11/2021 14:05:07:   send queue size:0
 
(Filename: ./Runtime/Export/Debug/Debug.bindings.h Line: 35)

02/11/2021 14:05:07:   P2P state, bytes in send queue:0
 
(Filename: ./Runtime/Export/Debug/Debug.bindings.h Line: 35)

02/11/2021 14:05:08: Destroying abandoned non persistent zdo 1049600036:538 owner 1049600036
 
(Filename: ./Runtime/Export/Debug/Debug.bindings.h Line: 35)

02/11/2021 14:05:08: Destroying abandoned non persistent zdo 1049600036:1 owner 1049600036
 
(Filename: ./Runtime/Export/Debug/Debug.bindings.h Line: 35)

02/11/2021 14:05:08: Destroying abandoned non persistent zdo 1049600036:488 owner 1049600036
 
(Filename: ./Runtime/Export/Debug/Debug.bindings.h Line: 35)

02/11/2021 14:05:08: Destroying abandoned non persistent zdo 1049600036:485 owner 1049600036
 
(Filename: ./Runtime/Export/Debug/Debug.bindings.h Line: 35)

02/11/2021 14:05:08: Destroying abandoned non persistent zdo 1049600036:548 owner 1049600036
 
(Filename: ./Runtime/Export/Debug/Debug.bindings.h Line: 35)

02/11/2021 14:05:08: Destroying abandoned non persistent zdo 1049600036:549 owner 1049600036
 
(Filename: ./Runtime/Export/Debug/Debug.bindings.h Line: 35)

02/11/2021 14:05:08: Disposing socket
 
(Filename: ./Runtime/Export/Debug/Debug.bindings.h Line: 35)

02/11/2021 14:05:08: Closing socket 0
 
(Filename: ./Runtime/Export/Debug/Debug.bindings.h Line: 35)

02/11/2021 14:05:08: Disposing socket
 
(Filename: ./Runtime/Export/Debug/Debug.bindings.h Line: 35)

02/11/2021 14:05:08: Closing socket 0
 
(Filename: ./Runtime/Export/Debug/Debug.bindings.h Line: 35)

02/11/2021 14:11:48:  Connections 1 ZDOS:645442  sent:61 recv:377
 
(Filename: ./Runtime/Export/Debug/Debug.bindings.h Line: 35)

Unloading 0 Unused Serialized files (Serialized files now loaded: 0)

Unloading 0 unused Assets to reduce memory usage. Loaded Objects now: 1116466.
Total: 1661.187566 ms (FindLiveObjects: 155.518330 ms CreateObjectMapping: 44.840487 ms MarkObjects: 1458.906269 ms  DeleteObjects: 1.921090 ms)

02/11/2021 14:13:44: Got character ZDOID from Tikutiku : 0:0
 
(Filename: ./Runtime/Export/Debug/Debug.bindings.h Line: 35)

02/11/2021 14:14:03: Got character ZDOID from Tikutiku : 2842663511:2288
 
(Filename: ./Runtime/Export/Debug/Debug.bindings.h Line: 35)

02/11/2021 14:15:39: Got session request from 76561198838303624
 
(Filename: ./Runtime/Export/Debug/Debug.bindings.h Line: 35)

02/11/2021 14:15:40: Got handshake from client 76561198838303624
 
(Filename: ./Runtime/Export/Debug/Debug.bindings.h Line: 35)

02/11/2021 14:15:59: VERSION check their:0.143.5  mine:0.143.5
 
(Filename: ./Runtime/Export/Debug/Debug.bindings.h Line: 35)

02/11/2021 14:15:59: Server: New peer connected,sending global keys
 
(Filename: ./Runtime/Export/Debug/Debug.bindings.h Line: 35)

02/11/2021 14:16:18: Got character ZDOID from Wolf : 195584139:1
 
(Filename: ./Runtime/Export/Debug/Debug.bindings.h Line: 35)

02/11/2021 14:21:49:  Connections 2 ZDOS:645431  sent:0 recv:427
 
(Filename: ./Runtime/Export/Debug/Debug.bindings.h Line: 35)

Unloading 0 Unused Serialized files (Serialized files now loaded: 0)

Unloading 0 unused Assets to reduce memory usage. Loaded Objects now: 1116466.
Total: 1666.280375 ms (FindLiveObjects: 165.915212 ms CreateObjectMapping: 44.489633 ms MarkObjects: 1454.012916 ms  DeleteObjects: 1.861080 ms)

02/11/2021 14:31:51:  Connections 2 ZDOS:645472  sent:1 recv:482
 
(Filename: ./Runtime/Export/Debug/Debug.bindings.h Line: 35)

Unloading 0 Unused Serialized files (Serialized files now loaded: 0)

Unloading 0 unused Assets to reduce memory usage. Loaded Objects now: 1116466.
Total: 1642.882603 ms (FindLiveObjects: 161.726828 ms CreateObjectMapping: 45.105267 ms MarkObjects: 1434.176674 ms  DeleteObjects: 1.872460 ms)

02/11/2021 14:31:56: clone 3333
 
(Filename: ./Runtime/Export/Debug/Debug.bindings.h Line: 35)

02/11/2021 14:32:01: Saved 645456 zdos
 
(Filename: ./Runtime/Export/Debug/Debug.bindings.h Line: 35)

02/11/2021 14:32:01: World saved ( 5835.79ms )
 
(Filename: ./Runtime/Export/Debug/Debug.bindings.h Line: 35)

02/11/2021 14:41:55:  Connections 2 ZDOS:645583  sent:13 recv:626
 
(Filename: ./Runtime/Export/Debug/Debug.bindings.h Line: 35)

Unloading 0 Unused Serialized files (Serialized files now loaded: 0)

Unloading 0 unused Assets to reduce memory usage. Loaded Objects now: 1116466.
Total: 1627.239382 ms (FindLiveObjects: 162.946119 ms CreateObjectMapping: 44.527515 ms MarkObjects: 1417.862574 ms  DeleteObjects: 1.901821 ms)

02/11/2021 14:42:37: Got session request from 76561198018888328
 
(Filename: ./Runtime/Export/Debug/Debug.bindings.h Line: 35)

02/11/2021 14:42:41: Got handshake from client 76561198018888328
 
(Filename: ./Runtime/Export/Debug/Debug.bindings.h Line: 35)

02/11/2021 14:42:43: VERSION check their:0.143.5  mine:0.143.5
 
(Filename: ./Runtime/Export/Debug/Debug.bindings.h Line: 35)

02/11/2021 14:42:43: Peer 76561198018888328 has wrong password
 
(Filename: ./Runtime/Export/Debug/Debug.bindings.h Line: 35)

02/11/2021 14:42:43: RPC_Disconnect 
 
(Filename: ./Runtime/Export/Debug/Debug.bindings.h Line: 35)

02/11/2021 14:42:43: Disposing socket
 
(Filename: ./Runtime/Export/Debug/Debug.bindings.h Line: 35)

02/11/2021 14:42:43: Closing socket 76561198018888328
 
(Filename: ./Runtime/Export/Debug/Debug.bindings.h Line: 35)

02/11/2021 14:42:43:   send queue size:0
 
(Filename: ./Runtime/Export/Debug/Debug.bindings.h Line: 35)

02/11/2021 14:42:44:   P2P state, bytes in send queue:0
 
(Filename: ./Runtime/Export/Debug/Debug.bindings.h Line: 35)

02/11/2021 14:42:44: Disposing socket
 
(Filename: ./Runtime/Export/Debug/Debug.bindings.h Line: 35)

02/11/2021 14:42:44: Closing socket 0
 
(Filename: ./Runtime/Export/Debug/Debug.bindings.h Line: 35)

02/11/2021 14:49:18: Got character ZDOID from Tikutiku : 0:0
 
(Filename: ./Runtime/Export/Debug/Debug.bindings.h Line: 35)

02/11/2021 14:49:43: Got character ZDOID from Tikutiku : 2842663511:6689
 
(Filename: ./Runtime/Export/Debug/Debug.bindings.h Line: 35)

02/11/2021 14:51:56:  Connections 2 ZDOS:645696  sent:349 recv:500
 
(Filename: ./Runtime/Export/Debug/Debug.bindings.h Line: 35)

Unloading 0 Unused Serialized files (Serialized files now loaded: 0)

Unloading 0 unused Assets to reduce memory usage. Loaded Objects now: 1116466.
Total: 1640.449006 ms (FindLiveObjects: 160.971903 ms CreateObjectMapping: 45.113694 ms MarkObjects: 1432.513161 ms  DeleteObjects: 1.848983 ms)

02/11/2021 15:01:58:  Connections 2 ZDOS:645836  sent:3 recv:545
 
(Filename: ./Runtime/Export/Debug/Debug.bindings.h Line: 35)

Unloading 0 Unused Serialized files (Serialized files now loaded: 0)

Unloading 0 unused Assets to reduce memory usage. Loaded Objects now: 1116466.
Total: 1630.521304 ms (FindLiveObjects: 152.896986 ms CreateObjectMapping: 44.270580 ms MarkObjects: 1431.430697 ms  DeleteObjects: 1.921519 ms)

02/11/2021 15:02:03: clone 3390
 
(Filename: ./Runtime/Export/Debug/Debug.bindings.h Line: 35)

02/11/2021 15:02:09: Saved 645803 zdos
 
(Filename: ./Runtime/Export/Debug/Debug.bindings.h Line: 35)

02/11/2021 15:02:09: World saved ( 6104.628ms )
 
(Filename: ./Runtime/Export/Debug/Debug.bindings.h Line: 35)

02/11/2021 15:04:37: Possible events:2
 
(Filename: ./Runtime/Export/Debug/Debug.bindings.h Line: 35)

02/11/2021 15:04:37: Random event set:army_bonemass
 
(Filename: ./Runtime/Export/Debug/Debug.bindings.h Line: 35)

02/11/2021 15:05:30: Got session request from 76561197984176210
 
(Filename: ./Runtime/Export/Debug/Debug.bindings.h Line: 35)

02/11/2021 15:05:34: Got handshake from client 76561197984176210
 
(Filename: ./Runtime/Export/Debug/Debug.bindings.h Line: 35)

02/11/2021 15:06:28: VERSION check their:0.143.5  mine:0.143.5
 
(Filename: ./Runtime/Export/Debug/Debug.bindings.h Line: 35)

02/11/2021 15:06:28: Server: New peer connected,sending global keys
 
(Filename: ./Runtime/Export/Debug/Debug.bindings.h Line: 35)

02/11/2021 15:07:00: Got character ZDOID from Marn : -353807993:4
 
(Filename: ./Runtime/Export/Debug/Debug.bindings.h Line: 35)

02/11/2021 15:12:02:  Connections 3 ZDOS:645892  sent:64 recv:342
 
(Filename: ./Runtime/Export/Debug/Debug.bindings.h Line: 35)

Unloading 0 Unused Serialized files (Serialized files now loaded: 0)

Unloading 0 unused Assets to reduce memory usage. Loaded Objects now: 1116466.
Total: 1636.588802 ms (FindLiveObjects: 157.053857 ms CreateObjectMapping: 44.645321 ms MarkObjects: 1433.091213 ms  DeleteObjects: 1.796914 ms)

02/11/2021 15:16:39: Got character ZDOID from Tikutiku : 0:0
 
(Filename: ./Runtime/Export/Debug/Debug.bindings.h Line: 35)

02/11/2021 15:17:03: Got character ZDOID from Tikutiku : 2842663511:11973
 
(Filename: ./Runtime/Export/Debug/Debug.bindings.h Line: 35)

02/11/2021 15:22:04:  Connections 3 ZDOS:645995  sent:819 recv:449
 
(Filename: ./Runtime/Export/Debug/Debug.bindings.h Line: 35)

Unloading 0 Unused Serialized files (Serialized files now loaded: 0)

Unloading 0 unused Assets to reduce memory usage. Loaded Objects now: 1116466.
Total: 1654.016201 ms (FindLiveObjects: 164.560929 ms CreateObjectMapping: 45.702735 ms MarkObjects: 1441.885399 ms  DeleteObjects: 1.865851 ms)

02/11/2021 15:24:47: Got session request from 76561197981357177
 
(Filename: ./Runtime/Export/Debug/Debug.bindings.h Line: 35)

02/11/2021 15:24:51: Got handshake from client 76561197981357177
 
(Filename: ./Runtime/Export/Debug/Debug.bindings.h Line: 35)

02/11/2021 15:24:54: VERSION check their:0.143.5  mine:0.143.5
 
(Filename: ./Runtime/Export/Debug/Debug.bindings.h Line: 35)

02/11/2021 15:24:54: Peer 76561197981357177 has wrong password
 
(Filename: ./Runtime/Export/Debug/Debug.bindings.h Line: 35)

02/11/2021 15:24:55: RPC_Disconnect 
 
(Filename: ./Runtime/Export/Debug/Debug.bindings.h Line: 35)

02/11/2021 15:24:55: Disposing socket
 
(Filename: ./Runtime/Export/Debug/Debug.bindings.h Line: 35)

02/11/2021 15:24:55: Closing socket 76561197981357177
 
(Filename: ./Runtime/Export/Debug/Debug.bindings.h Line: 35)

02/11/2021 15:24:55:   send queue size:0
 
(Filename: ./Runtime/Export/Debug/Debug.bindings.h Line: 35)

02/11/2021 15:24:55:   P2P state, bytes in send queue:0
 
(Filename: ./Runtime/Export/Debug/Debug.bindings.h Line: 35)

02/11/2021 15:24:55: Disposing socket
 
(Filename: ./Runtime/Export/Debug/Debug.bindings.h Line: 35)

02/11/2021 15:24:55: Closing socket 0
 
(Filename: ./Runtime/Export/Debug/Debug.bindings.h Line: 35)

02/11/2021 15:25:15: Got session request from 76561197981357177
 
(Filename: ./Runtime/Export/Debug/Debug.bindings.h Line: 35)

02/11/2021 15:25:19: Got handshake from client 76561197981357177
 
(Filename: ./Runtime/Export/Debug/Debug.bindings.h Line: 35)

02/11/2021 15:25:22: VERSION check their:0.143.5  mine:0.143.5
 
(Filename: ./Runtime/Export/Debug/Debug.bindings.h Line: 35)

02/11/2021 15:25:22: Server: New peer connected,sending global keys
 
(Filename: ./Runtime/Export/Debug/Debug.bindings.h Line: 35)

02/11/2021 15:25:49: Got character ZDOID from Shamown : 2752519016:3
 
(Filename: ./Runtime/Export/Debug/Debug.bindings.h Line: 35)

02/11/2021 15:32:05:  Connections 4 ZDOS:646016  sent:780 recv:1269
 
(Filename: ./Runtime/Export/Debug/Debug.bindings.h Line: 35)

Unloading 0 Unused Serialized files (Serialized files now loaded: 0)

Unloading 0 unused Assets to reduce memory usage. Loaded Objects now: 1116466.
Total: 1618.544415 ms (FindLiveObjects: 163.504329 ms CreateObjectMapping: 44.343505 ms MarkObjects: 1408.856335 ms  DeleteObjects: 1.838523 ms)

02/11/2021 15:32:10: clone 3322
 
(Filename: ./Runtime/Export/Debug/Debug.bindings.h Line: 35)

02/11/2021 15:32:17: Saved 646002 zdos
 
(Filename: ./Runtime/Export/Debug/Debug.bindings.h Line: 35)

02/11/2021 15:32:17: World saved ( 6646.751ms )
 
(Filename: ./Runtime/Export/Debug/Debug.bindings.h Line: 35)

02/11/2021 15:34:54: RPC_Disconnect 
 
(Filename: ./Runtime/Export/Debug/Debug.bindings.h Line: 35)

02/11/2021 15:34:55: Destroying abandoned non persistent zdo -353807993:3370 owner -353807993
 
(Filename: ./Runtime/Export/Debug/Debug.bindings.h Line: 35)

02/11/2021 15:34:55: Destroying abandoned non persistent zdo -353807993:3369 owner -353807993
 
(Filename: ./Runtime/Export/Debug/Debug.bindings.h Line: 35)

02/11/2021 15:34:55: Destroying abandoned non persistent zdo -353807993:3367 owner -353807993
 
(Filename: ./Runtime/Export/Debug/Debug.bindings.h Line: 35)

02/11/2021 15:34:55: Destroying abandoned non persistent zdo -353807993:4 owner -353807993
 
(Filename: ./Runtime/Export/Debug/Debug.bindings.h Line: 35)

02/11/2021 15:34:55: Destroying abandoned non persistent zdo -353807993:3368 owner -353807993
 
(Filename: ./Runtime/Export/Debug/Debug.bindings.h Line: 35)

02/11/2021 15:34:55: Disposing socket
 
(Filename: ./Runtime/Export/Debug/Debug.bindings.h Line: 35)

02/11/2021 15:34:55: Closing socket 76561197984176210
 
(Filename: ./Runtime/Export/Debug/Debug.bindings.h Line: 35)

02/11/2021 15:34:55:   send queue size:0
 
(Filename: ./Runtime/Export/Debug/Debug.bindings.h Line: 35)

02/11/2021 15:34:55:   P2P state, bytes in send queue:0
 
(Filename: ./Runtime/Export/Debug/Debug.bindings.h Line: 35)

02/11/2021 15:34:55: Disposing socket
 
(Filename: ./Runtime/Export/Debug/Debug.bindings.h Line: 35)

02/11/2021 15:34:55: Closing socket 0
 
(Filename: ./Runtime/Export/Debug/Debug.bindings.h Line: 35)

02/11/2021 15:42:10:  Connections 3 ZDOS:645965  sent:0 recv:700
 
(Filename: ./Runtime/Export/Debug/Debug.bindings.h Line: 35)

Unloading 0 Unused Serialized files (Serialized files now loaded: 0)

Unloading 0 unused Assets to reduce memory usage. Loaded Objects now: 1116466.
Total: 1611.667284 ms (FindLiveObjects: 159.600117 ms CreateObjectMapping: 44.846554 ms MarkObjects: 1405.414867 ms  DeleteObjects: 1.804222 ms)

02/11/2021 15:46:00: Got character ZDOID from Tikutiku : 0:0
 
(Filename: ./Runtime/Export/Debug/Debug.bindings.h Line: 35)

02/11/2021 15:46:21: Got character ZDOID from Tikutiku : 2842663511:15003
 
(Filename: ./Runtime/Export/Debug/Debug.bindings.h Line: 35)

02/11/2021 15:49:54: Got connection failed callback: 76561197981357177
 
(Filename: ./Runtime/Export/Debug/Debug.bindings.h Line: 35)

02/11/2021 15:49:54: Closing socket 76561197981357177
 
(Filename: ./Runtime/Export/Debug/Debug.bindings.h Line: 35)

02/11/2021 15:49:54:   send queue size:0
 
(Filename: ./Runtime/Export/Debug/Debug.bindings.h Line: 35)

02/11/2021 15:49:54:   P2P state, bytes in send queue:68
 
(Filename: ./Runtime/Export/Debug/Debug.bindings.h Line: 35)

02/11/2021 15:49:54: Destroying abandoned non persistent zdo 2752519016:1977 owner 2752519016
 
(Filename: ./Runtime/Export/Debug/Debug.bindings.h Line: 35)

02/11/2021 15:49:54: Destroying abandoned non persistent zdo 2752519016:1973 owner 2752519016
 
(Filename: ./Runtime/Export/Debug/Debug.bindings.h Line: 35)

02/11/2021 15:49:54: Destroying abandoned non persistent zdo 2752519016:1947 owner 2752519016
 
(Filename: ./Runtime/Export/Debug/Debug.bindings.h Line: 35)

02/11/2021 15:49:54: Destroying abandoned non persistent zdo 2752519016:1976 owner 2752519016
 
(Filename: ./Runtime/Export/Debug/Debug.bindings.h Line: 35)

02/11/2021 15:49:54: Destroying abandoned non persistent zdo 2752519016:1979 owner 2752519016
 
(Filename: ./Runtime/Export/Debug/Debug.bindings.h Line: 35)

02/11/2021 15:49:54: Destroying abandoned non persistent zdo 2752519016:1978 owner 2752519016
 
(Filename: ./Runtime/Export/Debug/Debug.bindings.h Line: 35)

02/11/2021 15:49:54: Destroying abandoned non persistent zdo 2752519016:1981 owner 2752519016
 
(Filename: ./Runtime/Export/Debug/Debug.bindings.h Line: 35)

02/11/2021 15:49:54: Destroying abandoned non persistent zdo 2752519016:1971 owner 2752519016
 
(Filename: ./Runtime/Export/Debug/Debug.bindings.h Line: 35)

02/11/2021 15:49:54: Destroying abandoned non persistent zdo 2752519016:1975 owner 2752519016
 
(Filename: ./Runtime/Export/Debug/Debug.bindings.h Line: 35)

02/11/2021 15:49:54: Destroying abandoned non persistent zdo 2752519016:1840 owner 2752519016
 
(Filename: ./Runtime/Export/Debug/Debug.bindings.h Line: 35)

02/11/2021 15:49:54: Destroying abandoned non persistent zdo 2752519016:1972 owner 2752519016
 
(Filename: ./Runtime/Export/Debug/Debug.bindings.h Line: 35)

02/11/2021 15:49:54: Destroying abandoned non persistent zdo 2752519016:1980 owner 2752519016
 
(Filename: ./Runtime/Export/Debug/Debug.bindings.h Line: 35)

02/11/2021 15:49:54: Destroying abandoned non persistent zdo 2752519016:1974 owner 2752519016
 
(Filename: ./Runtime/Export/Debug/Debug.bindings.h Line: 35)

02/11/2021 15:49:54: Destroying abandoned non persistent zdo 2752519016:3 owner 2752519016
 
(Filename: ./Runtime/Export/Debug/Debug.bindings.h Line: 35)

02/11/2021 15:49:54: Destroying abandoned non persistent zdo 2752519016:1934 owner 2752519016
 
(Filename: ./Runtime/Export/Debug/Debug.bindings.h Line: 35)

02/11/2021 15:49:54: Disposing socket
 
(Filename: ./Runtime/Export/Debug/Debug.bindings.h Line: 35)

02/11/2021 15:49:54: Closing socket 0
 
(Filename: ./Runtime/Export/Debug/Debug.bindings.h Line: 35)

02/11/2021 15:49:54: Disposing socket
 
(Filename: ./Runtime/Export/Debug/Debug.bindings.h Line: 35)

02/11/2021 15:49:54: Closing socket 0
 
(Filename: ./Runtime/Export/Debug/Debug.bindings.h Line: 35)

02/11/2021 15:50:44: Possible events:2
 
(Filename: ./Runtime/Export/Debug/Debug.bindings.h Line: 35)

02/11/2021 15:50:44: Random event set:foresttrolls
 
(Filename: ./Runtime/Export/Debug/Debug.bindings.h Line: 35)

02/11/2021 15:51:22: Got character ZDOID from Tikutiku : 0:0
 
(Filename: ./Runtime/Export/Debug/Debug.bindings.h Line: 35)

02/11/2021 15:51:44: Got character ZDOID from Tikutiku : 2842663511:15566
 
(Filename: ./Runtime/Export/Debug/Debug.bindings.h Line: 35)

02/11/2021 15:52:11:  Connections 2 ZDOS:645833  sent:1030 recv:464
 
(Filename: ./Runtime/Export/Debug/Debug.bindings.h Line: 35)

Unloading 0 Unused Serialized files (Serialized files now loaded: 0)

Unloading 0 unused Assets to reduce memory usage. Loaded Objects now: 1116466.
Total: 1634.477011 ms (FindLiveObjects: 154.207356 ms CreateObjectMapping: 44.861359 ms MarkObjects: 1433.578102 ms  DeleteObjects: 1.828853 ms)

02/11/2021 16:02:12:  Connections 2 ZDOS:645890  sent:0 recv:486
 
(Filename: ./Runtime/Export/Debug/Debug.bindings.h Line: 35)

Unloading 0 Unused Serialized files (Serialized files now loaded: 0)

Unloading 0 unused Assets to reduce memory usage. Loaded Objects now: 1116466.
Total: 1718.638532 ms (FindLiveObjects: 183.328776 ms CreateObjectMapping: 63.417356 ms MarkObjects: 1469.967344 ms  DeleteObjects: 1.923593 ms)

02/11/2021 16:02:18: clone 3589
 
(Filename: ./Runtime/Export/Debug/Debug.bindings.h Line: 35)

02/11/2021 16:02:24: Saved 645880 zdos
 
(Filename: ./Runtime/Export/Debug/Debug.bindings.h Line: 35)

02/11/2021 16:02:24: World saved ( 5909.233ms )
 
(Filename: ./Runtime/Export/Debug/Debug.bindings.h Line: 35)

02/11/2021 16:02:56: Got session request from 76561198019053854
 
(Filename: ./Runtime/Export/Debug/Debug.bindings.h Line: 35)

02/11/2021 16:02:59: Got handshake from client 76561198019053854
 
(Filename: ./Runtime/Export/Debug/Debug.bindings.h Line: 35)

02/11/2021 16:03:02: VERSION check their:0.143.5  mine:0.143.5
 
(Filename: ./Runtime/Export/Debug/Debug.bindings.h Line: 35)

02/11/2021 16:03:02: Server: New peer connected,sending global keys
 
(Filename: ./Runtime/Export/Debug/Debug.bindings.h Line: 35)

02/11/2021 16:03:23: Got character ZDOID from Elduderino : -1280284181:1
 
(Filename: ./Runtime/Export/Debug/Debug.bindings.h Line: 35)

02/11/2021 16:12:17:  Connections 3 ZDOS:645827  sent:529 recv:762
 
(Filename: ./Runtime/Export/Debug/Debug.bindings.h Line: 35)

Unloading 0 Unused Serialized files (Serialized files now loaded: 0)

Unloading 0 unused Assets to reduce memory usage. Loaded Objects now: 1116466.
Total: 1661.322720 ms (FindLiveObjects: 167.363964 ms CreateObjectMapping: 45.561823 ms MarkObjects: 1446.551497 ms  DeleteObjects: 1.843911 ms)

02/11/2021 16:19:02: Got session request from 76561197981357177
 
(Filename: ./Runtime/Export/Debug/Debug.bindings.h Line: 35)

02/11/2021 16:19:06: Got handshake from client 76561197981357177
 
(Filename: ./Runtime/Export/Debug/Debug.bindings.h Line: 35)

02/11/2021 16:19:09: VERSION check their:0.143.5  mine:0.143.5
 
(Filename: ./Runtime/Export/Debug/Debug.bindings.h Line: 35)

02/11/2021 16:19:09: Server: New peer connected,sending global keys
 
(Filename: ./Runtime/Export/Debug/Debug.bindings.h Line: 35)

02/11/2021 16:19:32: Got character ZDOID from Shamown : 2753818653:2
 
(Filename: ./Runtime/Export/Debug/Debug.bindings.h Line: 35)

02/11/2021 16:22:19:  Connections 4 ZDOS:645815  sent:640 recv:991
 
(Filename: ./Runtime/Export/Debug/Debug.bindings.h Line: 35)

Unloading 0 Unused Serialized files (Serialized files now loaded: 0)

Unloading 0 unused Assets to reduce memory usage. Loaded Objects now: 1116466.
Total: 1649.500713 ms (FindLiveObjects: 155.042660 ms CreateObjectMapping: 44.923192 ms MarkObjects: 1447.713270 ms  DeleteObjects: 1.820065 ms)

02/11/2021 16:24:53: Got session request from 76561198112661777
 
(Filename: ./Runtime/Export/Debug/Debug.bindings.h Line: 35)

02/11/2021 16:24:57: Got handshake from client 76561198112661777
 
(Filename: ./Runtime/Export/Debug/Debug.bindings.h Line: 35)

02/11/2021 16:25:24: VERSION check their:0.143.5  mine:0.143.5
 
(Filename: ./Runtime/Export/Debug/Debug.bindings.h Line: 35)

02/11/2021 16:25:24: Server: New peer connected,sending global keys
 
(Filename: ./Runtime/Export/Debug/Debug.bindings.h Line: 35)

02/11/2021 16:25:42: Got character ZDOID from Svarald Jvarald : 455386259:1
 
(Filename: ./Runtime/Export/Debug/Debug.bindings.h Line: 35)

02/11/2021 16:26:58: Got character ZDOID from Tikutiku : 0:0
 
(Filename: ./Runtime/Export/Debug/Debug.bindings.h Line: 35)

02/11/2021 16:27:22: Got character ZDOID from Tikutiku : 2842663511:20502
 
(Filename: ./Runtime/Export/Debug/Debug.bindings.h Line: 35)

02/11/2021 16:32:20:  Connections 5 ZDOS:645895  sent:672 recv:1470
 
(Filename: ./Runtime/Export/Debug/Debug.bindings.h Line: 35)

Unloading 0 Unused Serialized files (Serialized files now loaded: 0)

Unloading 0 unused Assets to reduce memory usage. Loaded Objects now: 1116466.
Total: 1657.771567 ms (FindLiveObjects: 164.764019 ms CreateObjectMapping: 44.019605 ms MarkObjects: 1447.138523 ms  DeleteObjects: 1.847803 ms)

02/11/2021 16:32:25: clone 3327
 
(Filename: ./Runtime/Export/Debug/Debug.bindings.h Line: 35)

02/11/2021 16:32:31: Saved 645841 zdos
 
(Filename: ./Runtime/Export/Debug/Debug.bindings.h Line: 35)

02/11/2021 16:32:31: World saved ( 5738.908ms )
 
(Filename: ./Runtime/Export/Debug/Debug.bindings.h Line: 35)

02/11/2021 16:37:17: RPC_Disconnect 
 
(Filename: ./Runtime/Export/Debug/Debug.bindings.h Line: 35)

02/11/2021 16:37:17: Destroying abandoned non persistent zdo 2842663511:22325 owner 2842663511
 
(Filename: ./Runtime/Export/Debug/Debug.bindings.h Line: 35)

02/11/2021 16:37:17: Destroying abandoned non persistent zdo 2842663511:20502 owner 2842663511
 
(Filename: ./Runtime/Export/Debug/Debug.bindings.h Line: 35)

02/11/2021 16:37:17: Destroying abandoned non persistent zdo 2842663511:22326 owner 2842663511
 
(Filename: ./Runtime/Export/Debug/Debug.bindings.h Line: 35)

02/11/2021 16:37:17: Disposing socket
 
(Filename: ./Runtime/Export/Debug/Debug.bindings.h Line: 35)

02/11/2021 16:37:17: Closing socket 76561198002640516
 
(Filename: ./Runtime/Export/Debug/Debug.bindings.h Line: 35)

02/11/2021 16:37:17:   send queue size:0
 
(Filename: ./Runtime/Export/Debug/Debug.bindings.h Line: 35)

02/11/2021 16:37:17:   P2P state, bytes in send queue:0
 
(Filename: ./Runtime/Export/Debug/Debug.bindings.h Line: 35)

02/11/2021 16:37:17: Disposing socket
 
(Filename: ./Runtime/Export/Debug/Debug.bindings.h Line: 35)

02/11/2021 16:37:17: Closing socket 0
 
(Filename: ./Runtime/Export/Debug/Debug.bindings.h Line: 35)

02/11/2021 16:37:29: RPC_Disconnect 
 
(Filename: ./Runtime/Export/Debug/Debug.bindings.h Line: 35)

02/11/2021 16:37:29: Destroying abandoned non persistent zdo 455386259:1 owner 455386259
 
(Filename: ./Runtime/Export/Debug/Debug.bindings.h Line: 35)

02/11/2021 16:37:29: Destroying abandoned non persistent zdo 455386259:526 owner 455386259
 
(Filename: ./Runtime/Export/Debug/Debug.bindings.h Line: 35)

02/11/2021 16:37:29: Destroying abandoned non persistent zdo 455386259:912 owner 455386259
 
(Filename: ./Runtime/Export/Debug/Debug.bindings.h Line: 35)

02/11/2021 16:37:29: Destroying abandoned non persistent zdo 455386259:911 owner 455386259
 
(Filename: ./Runtime/Export/Debug/Debug.bindings.h Line: 35)

02/11/2021 16:37:29: Destroying abandoned non persistent zdo 455386259:913 owner 455386259
 
(Filename: ./Runtime/Export/Debug/Debug.bindings.h Line: 35)

02/11/2021 16:37:29: Disposing socket
 
(Filename: ./Runtime/Export/Debug/Debug.bindings.h Line: 35)

02/11/2021 16:37:29: Closing socket 76561198112661777
 
(Filename: ./Runtime/Export/Debug/Debug.bindings.h Line: 35)

02/11/2021 16:37:29:   send queue size:0
 
(Filename: ./Runtime/Export/Debug/Debug.bindings.h Line: 35)

02/11/2021 16:37:29:   P2P state, bytes in send queue:0
 
(Filename: ./Runtime/Export/Debug/Debug.bindings.h Line: 35)

02/11/2021 16:37:29: Disposing socket
 
(Filename: ./Runtime/Export/Debug/Debug.bindings.h Line: 35)

02/11/2021 16:37:29: Closing socket 0
 
(Filename: ./Runtime/Export/Debug/Debug.bindings.h Line: 35)

02/11/2021 16:42:25:  Connections 3 ZDOS:645900  sent:806 recv:698
 
(Filename: ./Runtime/Export/Debug/Debug.bindings.h Line: 35)

Unloading 0 Unused Serialized files (Serialized files now loaded: 0)

Unloading 0 unused Assets to reduce memory usage. Loaded Objects now: 1116466.
Total: 1649.829773 ms (FindLiveObjects: 162.545970 ms CreateObjectMapping: 45.100667 ms MarkObjects: 1440.328520 ms  DeleteObjects: 1.853034 ms)

02/11/2021 16:51:58: Got connection failed callback: 76561197981357177
 
(Filename: ./Runtime/Export/Debug/Debug.bindings.h Line: 35)

02/11/2021 16:51:58: Closing socket 76561197981357177
 
(Filename: ./Runtime/Export/Debug/Debug.bindings.h Line: 35)

02/11/2021 16:51:58:   send queue size:0
 
(Filename: ./Runtime/Export/Debug/Debug.bindings.h Line: 35)

02/11/2021 16:51:58:   P2P state, bytes in send queue:0
 
(Filename: ./Runtime/Export/Debug/Debug.bindings.h Line: 35)

02/11/2021 16:51:58: Destroying abandoned non persistent zdo 2753818653:2 owner 2753818653
 
(Filename: ./Runtime/Export/Debug/Debug.bindings.h Line: 35)

02/11/2021 16:51:58: Destroying abandoned non persistent zdo 2753818653:3368 owner 2753818653
 
(Filename: ./Runtime/Export/Debug/Debug.bindings.h Line: 35)

02/11/2021 16:51:58: Destroying abandoned non persistent zdo 2753818653:3670 owner 2753818653
 
(Filename: ./Runtime/Export/Debug/Debug.bindings.h Line: 35)

02/11/2021 16:51:58: Destroying abandoned non persistent zdo 2753818653:3669 owner 2753818653
 
(Filename: ./Runtime/Export/Debug/Debug.bindings.h Line: 35)

02/11/2021 16:51:58: Destroying abandoned non persistent zdo 2753818653:3671 owner 2753818653
 
(Filename: ./Runtime/Export/Debug/Debug.bindings.h Line: 35)

02/11/2021 16:51:58: Destroying abandoned non persistent zdo 2753818653:3672 owner 2753818653
 
(Filename: ./Runtime/Export/Debug/Debug.bindings.h Line: 35)

02/11/2021 16:51:58: Disposing socket
 
(Filename: ./Runtime/Export/Debug/Debug.bindings.h Line: 35)

02/11/2021 16:51:58: Closing socket 0
 
(Filename: ./Runtime/Export/Debug/Debug.bindings.h Line: 35)

02/11/2021 16:51:58: Disposing socket
 
(Filename: ./Runtime/Export/Debug/Debug.bindings.h Line: 35)

02/11/2021 16:51:58: Closing socket 0
 
(Filename: ./Runtime/Export/Debug/Debug.bindings.h Line: 35)

02/11/2021 16:52:26:  Connections 2 ZDOS:645925  sent:440 recv:463
 
(Filename: ./Runtime/Export/Debug/Debug.bindings.h Line: 35)

Unloading 0 Unused Serialized files (Serialized files now loaded: 0)

Unloading 0 unused Assets to reduce memory usage. Loaded Objects now: 1116466.
Total: 1639.298547 ms (FindLiveObjects: 166.607998 ms CreateObjectMapping: 46.777937 ms MarkObjects: 1424.055508 ms  DeleteObjects: 1.855806 ms)

02/11/2021 17:02:28:  Connections 2 ZDOS:645913  sent:531 recv:512
 
(Filename: ./Runtime/Export/Debug/Debug.bindings.h Line: 35)

Unloading 0 Unused Serialized files (Serialized files now loaded: 0)

Unloading 0 unused Assets to reduce memory usage. Loaded Objects now: 1116466.
Total: 1647.154643 ms (FindLiveObjects: 166.621060 ms CreateObjectMapping: 44.947449 ms MarkObjects: 1433.736232 ms  DeleteObjects: 1.848474 ms)

02/11/2021 17:02:33: clone 3338
 
(Filename: ./Runtime/Export/Debug/Debug.bindings.h Line: 35)

02/11/2021 17:02:39: Saved 645899 zdos
 
(Filename: ./Runtime/Export/Debug/Debug.bindings.h Line: 35)

02/11/2021 17:02:39: World saved ( 6269.216ms )
 
(Filename: ./Runtime/Export/Debug/Debug.bindings.h Line: 35)

02/11/2021 17:12:32:  Connections 2 ZDOS:645920  sent:0 recv:571
 
(Filename: ./Runtime/Export/Debug/Debug.bindings.h Line: 35)

Unloading 0 Unused Serialized files (Serialized files now loaded: 0)

Unloading 0 unused Assets to reduce memory usage. Loaded Objects now: 1116466.
Total: 1627.756970 ms (FindLiveObjects: 162.198781 ms CreateObjectMapping: 44.249137 ms MarkObjects: 1419.447759 ms  DeleteObjects: 1.859568 ms)

02/11/2021 17:20:44: Got character ZDOID from Elduderino : 0:0
 
(Filename: ./Runtime/Export/Debug/Debug.bindings.h Line: 35)

02/11/2021 17:20:52: Got character ZDOID from Elduderino : -1280284181:8185
 
(Filename: ./Runtime/Export/Debug/Debug.bindings.h Line: 35)

02/11/2021 17:22:34:  Connections 2 ZDOS:646036  sent:565 recv:532
 
(Filename: ./Runtime/Export/Debug/Debug.bindings.h Line: 35)

Unloading 0 Unused Serialized files (Serialized files now loaded: 0)

Unloading 0 unused Assets to reduce memory usage. Loaded Objects now: 1116466.
Total: 1633.106162 ms (FindLiveObjects: 161.880761 ms CreateObjectMapping: 44.910942 ms MarkObjects: 1424.383687 ms  DeleteObjects: 1.929320 ms)

02/11/2021 17:27:22: Got connection failed callback: 76561198838303624
 
(Filename: ./Runtime/Export/Debug/Debug.bindings.h Line: 35)

02/11/2021 17:27:22: Closing socket 76561198838303624
 
(Filename: ./Runtime/Export/Debug/Debug.bindings.h Line: 35)

02/11/2021 17:27:22:   send queue size:0
 
(Filename: ./Runtime/Export/Debug/Debug.bindings.h Line: 35)

02/11/2021 17:27:22:   P2P state, bytes in send queue:0
 
(Filename: ./Runtime/Export/Debug/Debug.bindings.h Line: 35)

02/11/2021 17:27:22: Destroying abandoned non persistent zdo 195584139:27582 owner 195584139
 
(Filename: ./Runtime/Export/Debug/Debug.bindings.h Line: 35)

02/11/2021 17:27:22: Destroying abandoned non persistent zdo 195584139:27592 owner 195584139
 
(Filename: ./Runtime/Export/Debug/Debug.bindings.h Line: 35)

02/11/2021 17:27:22: Destroying abandoned non persistent zdo 195584139:27593 owner 195584139
 
(Filename: ./Runtime/Export/Debug/Debug.bindings.h Line: 35)

02/11/2021 17:27:22: Destroying abandoned non persistent zdo 195584139:27588 owner 195584139
 
(Filename: ./Runtime/Export/Debug/Debug.bindings.h Line: 35)

02/11/2021 17:27:22: Destroying abandoned non persistent zdo 195584139:27589 owner 195584139
 
(Filename: ./Runtime/Export/Debug/Debug.bindings.h Line: 35)

02/11/2021 17:27:22: Destroying abandoned non persistent zdo 195584139:27587 owner 195584139
 
(Filename: ./Runtime/Export/Debug/Debug.bindings.h Line: 35)

02/11/2021 17:27:22: Destroying abandoned non persistent zdo 195584139:27585 owner 195584139
 
(Filename: ./Runtime/Export/Debug/Debug.bindings.h Line: 35)

02/11/2021 17:27:22: Destroying abandoned non persistent zdo 195584139:27591 owner 195584139
 
(Filename: ./Runtime/Export/Debug/Debug.bindings.h Line: 35)

02/11/2021 17:27:22: Destroying abandoned non persistent zdo 195584139:1 owner 195584139
 
(Filename: ./Runtime/Export/Debug/Debug.bindings.h Line: 35)

02/11/2021 17:27:22: Destroying abandoned non persistent zdo 195584139:27590 owner 195584139
 
(Filename: ./Runtime/Export/Debug/Debug.bindings.h Line: 35)

02/11/2021 17:27:22: Destroying abandoned non persistent zdo 195584139:27581 owner 195584139
 
(Filename: ./Runtime/Export/Debug/Debug.bindings.h Line: 35)

02/11/2021 17:27:22: Destroying abandoned non persistent zdo 195584139:27586 owner 195584139
 
(Filename: ./Runtime/Export/Debug/Debug.bindings.h Line: 35)

02/11/2021 17:27:22: Disposing socket
 
(Filename: ./Runtime/Export/Debug/Debug.bindings.h Line: 35)

02/11/2021 17:27:22: Closing socket 0
 
(Filename: ./Runtime/Export/Debug/Debug.bindings.h Line: 35)

02/11/2021 17:27:22: Disposing socket
 
(Filename: ./Runtime/Export/Debug/Debug.bindings.h Line: 35)

02/11/2021 17:27:22: Closing socket 0
 
(Filename: ./Runtime/Export/Debug/Debug.bindings.h Line: 35)

02/11/2021 17:27:34: Got session request from 76561198838303624
 
(Filename: ./Runtime/Export/Debug/Debug.bindings.h Line: 35)

02/11/2021 17:27:38: Got handshake from client 76561198838303624
 
(Filename: ./Runtime/Export/Debug/Debug.bindings.h Line: 35)

02/11/2021 17:27:41: VERSION check their:0.143.5  mine:0.143.5
 
(Filename: ./Runtime/Export/Debug/Debug.bindings.h Line: 35)

02/11/2021 17:27:41: Server: New peer connected,sending global keys
 
(Filename: ./Runtime/Export/Debug/Debug.bindings.h Line: 35)

02/11/2021 17:28:01: Got character ZDOID from Wolf : 779365825:1
 
(Filename: ./Runtime/Export/Debug/Debug.bindings.h Line: 35)

02/11/2021 17:29:14: Got connection failed callback: 76561198838303624
 
(Filename: ./Runtime/Export/Debug/Debug.bindings.h Line: 35)

02/11/2021 17:29:14: Closing socket 76561198838303624
 
(Filename: ./Runtime/Export/Debug/Debug.bindings.h Line: 35)

02/11/2021 17:29:14:   send queue size:0
 
(Filename: ./Runtime/Export/Debug/Debug.bindings.h Line: 35)

02/11/2021 17:29:15:   P2P state, bytes in send queue:0
 
(Filename: ./Runtime/Export/Debug/Debug.bindings.h Line: 35)

02/11/2021 17:29:15: Destroying abandoned non persistent zdo 779365825:49 owner 779365825
 
(Filename: ./Runtime/Export/Debug/Debug.bindings.h Line: 35)

02/11/2021 17:29:15: Destroying abandoned non persistent zdo 779365825:10 owner 779365825
 
(Filename: ./Runtime/Export/Debug/Debug.bindings.h Line: 35)

02/11/2021 17:29:15: Destroying abandoned non persistent zdo 779365825:1 owner 779365825
 
(Filename: ./Runtime/Export/Debug/Debug.bindings.h Line: 35)

02/11/2021 17:29:15: Disposing socket
 
(Filename: ./Runtime/Export/Debug/Debug.bindings.h Line: 35)

02/11/2021 17:29:15: Closing socket 0
 
(Filename: ./Runtime/Export/Debug/Debug.bindings.h Line: 35)

02/11/2021 17:29:15: Disposing socket
 
(Filename: ./Runtime/Export/Debug/Debug.bindings.h Line: 35)

02/11/2021 17:29:15: Closing socket 0
 
(Filename: ./Runtime/Export/Debug/Debug.bindings.h Line: 35)

02/11/2021 17:29:29: Got session request from 76561198838303624
 
(Filename: ./Runtime/Export/Debug/Debug.bindings.h Line: 35)

02/11/2021 17:29:33: Got handshake from client 76561198838303624
 
(Filename: ./Runtime/Export/Debug/Debug.bindings.h Line: 35)

02/11/2021 17:29:43: VERSION check their:0.143.5  mine:0.143.5
 
(Filename: ./Runtime/Export/Debug/Debug.bindings.h Line: 35)

02/11/2021 17:29:43: Server: New peer connected,sending global keys
 
(Filename: ./Runtime/Export/Debug/Debug.bindings.h Line: 35)

02/11/2021 17:30:02: Got character ZDOID from Wolf : 725481223:1
 
(Filename: ./Runtime/Export/Debug/Debug.bindings.h Line: 35)

02/11/2021 17:32:35:  Connections 2 ZDOS:646021  sent:340 recv:338
 
(Filename: ./Runtime/Export/Debug/Debug.bindings.h Line: 35)

Unloading 0 Unused Serialized files (Serialized files now loaded: 0)

Unloading 0 unused Assets to reduce memory usage. Loaded Objects now: 1116466.
Total: 1635.007595 ms (FindLiveObjects: 160.523748 ms CreateObjectMapping: 46.164080 ms MarkObjects: 1426.324246 ms  DeleteObjects: 1.993869 ms)

02/11/2021 17:32:40: clone 3547
 
(Filename: ./Runtime/Export/Debug/Debug.bindings.h Line: 35)

02/11/2021 17:32:46: Saved 646017 zdos
 
(Filename: ./Runtime/Export/Debug/Debug.bindings.h Line: 35)

02/11/2021 17:32:46: World saved ( 5935.61ms )
 
(Filename: ./Runtime/Export/Debug/Debug.bindings.h Line: 35)

02/11/2021 17:40:59: Found location of type GDKing
 
(Filename: ./Runtime/Export/Debug/Debug.bindings.h Line: 35)

02/11/2021 17:42:40:  Connections 2 ZDOS:645958  sent:0 recv:551
 
(Filename: ./Runtime/Export/Debug/Debug.bindings.h Line: 35)

Unloading 0 Unused Serialized files (Serialized files now loaded: 0)

Unloading 0 unused Assets to reduce memory usage. Loaded Objects now: 1116466.
Total: 1639.631739 ms (FindLiveObjects: 170.318861 ms CreateObjectMapping: 44.325208 ms MarkObjects: 1423.133944 ms  DeleteObjects: 1.852301 ms)

02/11/2021 17:43:56: RPC_Disconnect 
 
(Filename: ./Runtime/Export/Debug/Debug.bindings.h Line: 35)

02/11/2021 17:43:56: Destroying abandoned non persistent zdo 725481223:1634 owner 725481223
 
(Filename: ./Runtime/Export/Debug/Debug.bindings.h Line: 35)

02/11/2021 17:43:56: Destroying abandoned non persistent zdo 725481223:1632 owner 725481223
 
(Filename: ./Runtime/Export/Debug/Debug.bindings.h Line: 35)

02/11/2021 17:43:56: Destroying abandoned non persistent zdo 725481223:1 owner 725481223
 
(Filename: ./Runtime/Export/Debug/Debug.bindings.h Line: 35)

02/11/2021 17:43:56: Destroying abandoned non persistent zdo 725481223:1631 owner 725481223
 
(Filename: ./Runtime/Export/Debug/Debug.bindings.h Line: 35)

02/11/2021 17:43:56: Destroying abandoned non persistent zdo 725481223:1633 owner 725481223
 
(Filename: ./Runtime/Export/Debug/Debug.bindings.h Line: 35)

02/11/2021 17:43:56: Destroying abandoned non persistent zdo 725481223:1635 owner 725481223
 
(Filename: ./Runtime/Export/Debug/Debug.bindings.h Line: 35)

02/11/2021 17:43:56: Disposing socket
 
(Filename: ./Runtime/Export/Debug/Debug.bindings.h Line: 35)

02/11/2021 17:43:56: Closing socket 76561198838303624
 
(Filename: ./Runtime/Export/Debug/Debug.bindings.h Line: 35)

02/11/2021 17:43:56:   send queue size:0
 
(Filename: ./Runtime/Export/Debug/Debug.bindings.h Line: 35)

02/11/2021 17:43:56:   P2P state, bytes in send queue:0
 
(Filename: ./Runtime/Export/Debug/Debug.bindings.h Line: 35)

02/11/2021 17:43:56: Disposing socket
 
(Filename: ./Runtime/Export/Debug/Debug.bindings.h Line: 35)

02/11/2021 17:43:56: Closing socket 0
 
(Filename: ./Runtime/Export/Debug/Debug.bindings.h Line: 35)

02/11/2021 17:52:41:  Connections 1 ZDOS:645936  sent:0 recv:298
 
(Filename: ./Runtime/Export/Debug/Debug.bindings.h Line: 35)

Unloading 0 Unused Serialized files (Serialized files now loaded: 0)

Unloading 0 unused Assets to reduce memory usage. Loaded Objects now: 1116466.
Total: 1624.523977 ms (FindLiveObjects: 156.125315 ms CreateObjectMapping: 46.116013 ms MarkObjects: 1420.416389 ms  DeleteObjects: 1.864668 ms)

02/11/2021 18:02:42:  Connections 1 ZDOS:645938  sent:0 recv:272
 
(Filename: ./Runtime/Export/Debug/Debug.bindings.h Line: 35)

Unloading 0 Unused Serialized files (Serialized files now loaded: 0)

Unloading 0 unused Assets to reduce memory usage. Loaded Objects now: 1116466.
Total: 1640.290813 ms (FindLiveObjects: 157.894565 ms CreateObjectMapping: 45.111840 ms MarkObjects: 1435.409302 ms  DeleteObjects: 1.873533 ms)

02/11/2021 18:02:48: clone 3338
 
(Filename: ./Runtime/Export/Debug/Debug.bindings.h Line: 35)

02/11/2021 18:02:53: Saved 645932 zdos
 
(Filename: ./Runtime/Export/Debug/Debug.bindings.h Line: 35)

02/11/2021 18:02:53: World saved ( 5814.767ms )
 
(Filename: ./Runtime/Export/Debug/Debug.bindings.h Line: 35)

02/11/2021 18:12:47:  Connections 1 ZDOS:645938  sent:0 recv:135
 
(Filename: ./Runtime/Export/Debug/Debug.bindings.h Line: 35)

Unloading 0 Unused Serialized files (Serialized files now loaded: 0)

Unloading 0 unused Assets to reduce memory usage. Loaded Objects now: 1116466.
Total: 1641.091521 ms (FindLiveObjects: 172.767145 ms CreateObjectMapping: 46.380306 ms MarkObjects: 1420.102750 ms  DeleteObjects: 1.839872 ms)

